<?xml version="1.0" encoding="UTF-8"?>
<testng-results skipped="0" failed="0" ignored="0" total="2" passed="2">
  <reporter-output>
  </reporter-output>
  <suite name="Default suite" duration-ms="17128" started-at="2021-09-19T15:02:01 IST" finished-at="2021-09-19T15:02:18 IST">
    <groups>
    </groups>
    <test name="Default test" duration-ms="17128" started-at="2021-09-19T15:02:01 IST" finished-at="2021-09-19T15:02:18 IST">
      <class name="testNG.Assertion7">
        <test-method status="PASS" signature="setUp()[pri:0, instance:testNG.Assertion7@76a4d6c]" name="setUp" is-config="true" duration-ms="9743" started-at="2021-09-19T15:02:01 IST" finished-at="2021-09-19T15:02:11 IST">
          <reporter-output>
          </reporter-output>
        </test-method> <!-- setUp -->
        <test-method status="PASS" signature="googleLogoTest()[pri:0, instance:testNG.Assertion7@76a4d6c]" name="googleLogoTest" duration-ms="300" started-at="2021-09-19T15:02:11 IST" finished-at="2021-09-19T15:02:11 IST">
          <reporter-output>
          </reporter-output>
        </test-method> <!-- googleLogoTest -->
        <test-method status="PASS" signature="tearDown()[pri:0, instance:testNG.Assertion7@76a4d6c]" name="tearDown" is-config="true" duration-ms="636" started-at="2021-09-19T15:02:11 IST" finished-at="2021-09-19T15:02:12 IST">
          <reporter-output>
          </reporter-output>
        </test-method> <!-- tearDown -->
        <test-method status="PASS" signature="setUp()[pri:0, instance:testNG.Assertion7@76a4d6c]" name="setUp" is-config="true" duration-ms="5640" started-at="2021-09-19T15:02:12 IST" finished-at="2021-09-19T15:02:17 IST">
          <reporter-output>
          </reporter-output>
        </test-method> <!-- setUp -->
        <test-method status="PASS" signature="googleTitleTest()[pri:0, instance:testNG.Assertion7@76a4d6c]" name="googleTitleTest" duration-ms="20" started-at="2021-09-19T15:02:17 IST" finished-at="2021-09-19T15:02:17 IST">
          <reporter-output>
          </reporter-output>
        </test-method> <!-- googleTitleTest -->
        <test-method status="PASS" signature="tearDown()[pri:0, instance:testNG.Assertion7@76a4d6c]" name="tearDown" is-config="true" duration-ms="738" started-at="2021-09-19T15:02:17 IST" finished-at="2021-09-19T15:02:18 IST">
          <reporter-output>
          </reporter-output>
        </test-method> <!-- tearDown -->
      </class> <!-- testNG.Assertion7 -->
    </test> <!-- Default test -->
  </suite> <!-- Default suite -->
</testng-results>
