<?xml version="1.0" encoding="UTF-8"?>
<!-- Generated by org.testng.reporters.JUnitXMLReporter -->
<testsuite hostname="DESKTOP-2NEM2G6" ignored="3" name="Default test" tests="3" failures="0" timestamp="2021-06-08T23:37:26 IST" time="39.352" errors="0">
  <testcase name="validateCreateNewContact" time="1.006" classname="com.crm.qa.testcases.ContactsPageTest"/>
  <testcase name="validateCreateNewContact" time="1.002" classname="com.crm.qa.testcases.ContactsPageTest"/>
  <testcase name="validateCreateNewContact" time="1.026" classname="com.crm.qa.testcases.ContactsPageTest"/>
  <testcase name="verifyConatctsPageLabelTest" time="0.0" classname="com.crm.qa.testcases.ContactsPageTest">
    <ignored/>
  </testcase> <!-- verifyConatctsPageLabelTest -->
  <testcase name="SelectMultipleContactsTest" time="0.0" classname="com.crm.qa.testcases.ContactsPageTest">
    <ignored/>
  </testcase> <!-- SelectMultipleContactsTest -->
  <testcase name="SelectSingleContactsTest" time="0.0" classname="com.crm.qa.testcases.ContactsPageTest">
    <ignored/>
  </testcase> <!-- SelectSingleContactsTest -->
</testsuite> <!-- Default test -->
