<?xml version="1.0" encoding="UTF-8"?>
<!-- Generated by org.testng.reporters.JUnitXMLReporter -->
<testsuite hostname="DESKTOP-2NEM2G6" ignored="0" name="Default test" tests="3" failures="0" timestamp="27 Oct 2021 13:37:16 GMT" time="0.024" errors="0">
  <testcase name="test6" time="0.007" classname="TestNG1.invocationCount6"/>
  <testcase name="test6" time="0.0" classname="TestNG1.invocationCount6"/>
  <testcase name="test6" time="0.0" classname="TestNG1.invocationCount6"/>
</testsuite> <!-- Default test -->
