<?xml version="1.0" encoding="UTF-8"?>
<testng-results skipped="0" failed="0" ignored="0" total="3" passed="3">
  <reporter-output>
  </reporter-output>
  <suite name="Default suite" duration-ms="24" started-at="2021-10-27T13:37:16Z" finished-at="2021-10-27T13:37:16Z">
    <groups>
    </groups>
    <test name="Default test" duration-ms="24" started-at="2021-10-27T13:37:16Z" finished-at="2021-10-27T13:37:16Z">
      <class name="TestNG1.invocationCount6">
        <test-method status="PASS" signature="test6()[pri:0, instance:TestNG1.invocationCount6@1fe20588]" name="test6" duration-ms="7" started-at="2021-10-27T19:07:16Z" finished-at="2021-10-27T19:07:16Z">
          <reporter-output>
          </reporter-output>
        </test-method> <!-- test6 -->
        <test-method status="PASS" signature="test6()[pri:0, instance:TestNG1.invocationCount6@1fe20588]" name="test6" duration-ms="0" started-at="2021-10-27T19:07:16Z" finished-at="2021-10-27T19:07:16Z">
          <reporter-output>
          </reporter-output>
        </test-method> <!-- test6 -->
        <test-method status="PASS" signature="test6()[pri:0, instance:TestNG1.invocationCount6@1fe20588]" name="test6" duration-ms="0" started-at="2021-10-27T19:07:16Z" finished-at="2021-10-27T19:07:16Z">
          <reporter-output>
          </reporter-output>
        </test-method> <!-- test6 -->
      </class> <!-- TestNG1.invocationCount6 -->
    </test> <!-- Default test -->
  </suite> <!-- Default suite -->
</testng-results>
