<?xml version="1.0" encoding="UTF-8"?>
<!-- Generated by org.testng.reporters.JUnitXMLReporter -->
<testsuite hostname="DESKTOP-2NEM2G6" ignored="0" name="Default test" tests="4" failures="0" timestamp="25 Oct 2021 18:48:26 GMT" time="43.348" errors="0">
  <testcase name="loginTest" time="33.42" classname="DataDrivenTesting.DataDrivenTest"/>
  <testcase name="loginTest" time="1.658" classname="DataDrivenTesting.DataDrivenTest"/>
  <testcase name="loginTest" time="2.025" classname="DataDrivenTesting.DataDrivenTest"/>
  <testcase name="loginTest" time="1.105" classname="DataDrivenTesting.DataDrivenTest"/>
</testsuite> <!-- Default test -->
