<?xml version="1.0" encoding="UTF-8"?>
<testng-results skipped="0" failed="0" ignored="0" total="4" passed="4">
  <reporter-output>
  </reporter-output>
  <suite name="Default suite" duration-ms="43348" started-at="2021-10-25T18:47:43Z" finished-at="2021-10-25T18:48:26Z">
    <groups>
    </groups>
    <test name="Default test" duration-ms="43348" started-at="2021-10-25T18:47:43Z" finished-at="2021-10-25T18:48:26Z">
      <class name="DataDrivenTesting.DataDrivenTest">
        <test-method status="PASS" signature="setUp()[pri:0, instance:DataDrivenTesting.DataDrivenTest@6dbb137d]" name="setUp" is-config="true" duration-ms="2806" started-at="2021-10-26T00:17:43Z" finished-at="2021-10-26T00:17:46Z">
          <reporter-output>
          </reporter-output>
        </test-method> <!-- setUp -->
        <test-method status="PASS" signature="loginTest(java.lang.String, java.lang.String, java.lang.String)[pri:0, instance:DataDrivenTesting.DataDrivenTest@6dbb137d]" name="loginTest" duration-ms="33420" started-at="2021-10-26T00:17:48Z" data-provider="loginData" finished-at="2021-10-26T00:18:21Z">
          <params>
            <param index="0">
              <value>
                <![CDATA[admin@yourstore.com]]>
              </value>
            </param>
            <param index="1">
              <value>
                <![CDATA[admin]]>
              </value>
            </param>
            <param index="2">
              <value>
                <![CDATA[Valid]]>
              </value>
            </param>
          </params>
          <reporter-output>
          </reporter-output>
        </test-method> <!-- loginTest -->
        <test-method status="PASS" signature="loginTest(java.lang.String, java.lang.String, java.lang.String)[pri:0, instance:DataDrivenTesting.DataDrivenTest@6dbb137d]" name="loginTest" duration-ms="1658" started-at="2021-10-26T00:18:21Z" data-provider="loginData" finished-at="2021-10-26T00:18:23Z">
          <params>
            <param index="0">
              <value>
                <![CDATA[admin@yourstore.com]]>
              </value>
            </param>
            <param index="1">
              <value>
                <![CDATA[adm]]>
              </value>
            </param>
            <param index="2">
              <value>
                <![CDATA[Invalid]]>
              </value>
            </param>
          </params>
          <reporter-output>
          </reporter-output>
        </test-method> <!-- loginTest -->
        <test-method status="PASS" signature="loginTest(java.lang.String, java.lang.String, java.lang.String)[pri:0, instance:DataDrivenTesting.DataDrivenTest@6dbb137d]" name="loginTest" duration-ms="2025" started-at="2021-10-26T00:18:23Z" data-provider="loginData" finished-at="2021-10-26T00:18:25Z">
          <params>
            <param index="0">
              <value>
                <![CDATA[admin@yostore.com]]>
              </value>
            </param>
            <param index="1">
              <value>
                <![CDATA[admin]]>
              </value>
            </param>
            <param index="2">
              <value>
                <![CDATA[Invalid]]>
              </value>
            </param>
          </params>
          <reporter-output>
          </reporter-output>
        </test-method> <!-- loginTest -->
        <test-method status="PASS" signature="loginTest(java.lang.String, java.lang.String, java.lang.String)[pri:0, instance:DataDrivenTesting.DataDrivenTest@6dbb137d]" name="loginTest" duration-ms="1105" started-at="2021-10-26T00:18:25Z" data-provider="loginData" finished-at="2021-10-26T00:18:26Z">
          <params>
            <param index="0">
              <value>
                <![CDATA[admin@yoore.com]]>
              </value>
            </param>
            <param index="1">
              <value>
                <![CDATA[adm]]>
              </value>
            </param>
            <param index="2">
              <value>
                <![CDATA[Invalid]]>
              </value>
            </param>
          </params>
          <reporter-output>
          </reporter-output>
        </test-method> <!-- loginTest -->
        <test-method status="PASS" signature="tearDown()[pri:0, instance:DataDrivenTesting.DataDrivenTest@6dbb137d]" name="tearDown" is-config="true" duration-ms="65" started-at="2021-10-26T00:18:26Z" finished-at="2021-10-26T00:18:26Z">
          <reporter-output>
          </reporter-output>
        </test-method> <!-- tearDown -->
      </class> <!-- DataDrivenTesting.DataDrivenTest -->
    </test> <!-- Default test -->
  </suite> <!-- Default suite -->
</testng-results>
