<?xml version="1.0" encoding="UTF-8"?>
<testng-results skipped="0" failed="0" ignored="0" total="2" passed="2">
  <reporter-output>
  </reporter-output>
  <suite name="Default suite" duration-ms="16321" started-at="2021-10-07T23:08:23 IST" finished-at="2021-10-07T23:08:39 IST">
    <groups>
    </groups>
    <test name="Default test" duration-ms="16321" started-at="2021-10-07T23:08:23 IST" finished-at="2021-10-07T23:08:39 IST">
      <class name="com.crm.qa.testcases.LoginPageTest">
        <test-method status="PASS" signature="setUp()[pri:0, instance:com.crm.qa.testcases.LoginPageTest@69a3d1d]" name="setUp" is-config="true" duration-ms="4690" started-at="2021-10-07T23:08:23 IST" finished-at="2021-10-07T23:08:28 IST">
          <reporter-output>
          </reporter-output>
        </test-method> <!-- setUp -->
        <test-method status="PASS" signature="loginPageTitleTest()[pri:1, instance:com.crm.qa.testcases.LoginPageTest@69a3d1d]" name="loginPageTitleTest" duration-ms="16" started-at="2021-10-07T23:08:28 IST" finished-at="2021-10-07T23:08:28 IST">
          <reporter-output>
          </reporter-output>
        </test-method> <!-- loginPageTitleTest -->
        <test-method status="PASS" signature="tearDown()[pri:0, instance:com.crm.qa.testcases.LoginPageTest@69a3d1d]" name="tearDown" is-config="true" duration-ms="631" started-at="2021-10-07T23:08:28 IST" finished-at="2021-10-07T23:08:28 IST">
          <reporter-output>
          </reporter-output>
        </test-method> <!-- tearDown -->
        <test-method status="PASS" signature="setUp()[pri:0, instance:com.crm.qa.testcases.LoginPageTest@69a3d1d]" name="setUp" is-config="true" duration-ms="4934" started-at="2021-10-07T23:08:28 IST" finished-at="2021-10-07T23:08:33 IST">
          <reporter-output>
          </reporter-output>
        </test-method> <!-- setUp -->
        <test-method status="PASS" signature="loginTest()[pri:2, instance:com.crm.qa.testcases.LoginPageTest@69a3d1d]" name="loginTest" duration-ms="5360" started-at="2021-10-07T23:08:33 IST" finished-at="2021-10-07T23:08:39 IST">
          <reporter-output>
          </reporter-output>
        </test-method> <!-- loginTest -->
        <test-method status="PASS" signature="tearDown()[pri:0, instance:com.crm.qa.testcases.LoginPageTest@69a3d1d]" name="tearDown" is-config="true" duration-ms="659" started-at="2021-10-07T23:08:39 IST" finished-at="2021-10-07T23:08:39 IST">
          <reporter-output>
          </reporter-output>
        </test-method> <!-- tearDown -->
      </class> <!-- com.crm.qa.testcases.LoginPageTest -->
    </test> <!-- Default test -->
  </suite> <!-- Default suite -->
</testng-results>
